mode: atomic
github.com/wereweare/go-service-template/internal/handler/handler.go:10.57,14.2 3 0
github.com/wereweare/go-service-template/cmd/go-service-template/main.go:21.13,48.48 18 0
github.com/wereweare/go-service-template/cmd/go-service-template/main.go:49.15,50.67 1 0
github.com/wereweare/go-service-template/cmd/go-service-template/main.go:51.14,52.66 1 0
github.com/wereweare/go-service-template/cmd/go-service-template/main.go:53.14,54.66 1 0
github.com/wereweare/go-service-template/cmd/go-service-template/main.go:55.15,56.67 1 0
github.com/wereweare/go-service-template/cmd/go-service-template/main.go:57.10,58.66 1 0
github.com/wereweare/go-service-template/cmd/go-service-template/main.go:62.2,62.49 1 0
github.com/wereweare/go-service-template/cmd/go-service-template/main.go:63.14,64.83 1 0
github.com/wereweare/go-service-template/cmd/go-service-template/main.go:65.14,66.83 1 0
github.com/wereweare/go-service-template/cmd/go-service-template/main.go:67.10,68.69 1 0
github.com/wereweare/go-service-template/cmd/go-service-template/main.go:72.13,91.48 7 0
github.com/wereweare/go-service-template/cmd/go-service-template/main.go:91.48,93.3 1 0
github.com/wereweare/go-service-template/internal/config/database.go:36.42,50.2 1 0
github.com/wereweare/go-service-template/internal/config/database.go:54.40,66.2 11 0
github.com/wereweare/go-service-template/internal/config/fileflag.go:12.36,13.19 1 0
github.com/wereweare/go-service-template/internal/config/fileflag.go:13.19,15.3 1 0
github.com/wereweare/go-service-template/internal/config/fileflag.go:17.2,17.22 1 0
github.com/wereweare/go-service-template/internal/config/fileflag.go:21.44,23.16 2 0
github.com/wereweare/go-service-template/internal/config/fileflag.go:23.16,25.3 1 0
github.com/wereweare/go-service-template/internal/config/fileflag.go:27.2,28.12 2 0
github.com/wereweare/go-service-template/internal/config/fileflag.go:32.38,34.2 1 0
github.com/wereweare/go-service-template/internal/config/fileflag.go:37.38,39.2 1 0
github.com/wereweare/go-service-template/internal/config/getenv.go:10.50,11.48 1 0
github.com/wereweare/go-service-template/internal/config/getenv.go:11.48,12.35 1 0
github.com/wereweare/go-service-template/internal/config/getenv.go:13.15,14.25 1 0
github.com/wereweare/go-service-template/internal/config/getenv.go:15.12,16.56 1 0
github.com/wereweare/go-service-template/internal/config/getenv.go:16.56,18.5 1 0
github.com/wereweare/go-service-template/internal/config/getenv.go:19.22,20.67 1 0
github.com/wereweare/go-service-template/internal/config/getenv.go:20.67,22.5 1 0
github.com/wereweare/go-service-template/internal/config/getenv.go:24.11,25.23 1 0
github.com/wereweare/go-service-template/internal/config/getenv.go:29.2,29.21 1 0
github.com/wereweare/go-service-template/internal/config/item.go:16.73,22.2 1 0
github.com/wereweare/go-service-template/internal/config/log.go:45.32,51.2 1 0
github.com/wereweare/go-service-template/internal/config/log.go:55.36,59.2 3 0
